0 verbose cli /home/g2d2/.nvm/versions/node/v18.4.0/bin/node /home/g2d2/.nvm/versions/node/v18.4.0/bin/npm
1 info using npm@8.12.1
2 info using node@v18.4.0
3 timing npm:load:whichnode Completed in 0ms
4 timing config:load:defaults Completed in 1ms
5 timing config:load:file:/home/g2d2/.nvm/versions/node/v18.4.0/lib/node_modules/npm/npmrc Completed in 1ms
6 timing config:load:builtin Completed in 1ms
7 timing config:load:cli Completed in 1ms
8 timing config:load:env Completed in 0ms
9 timing config:load:file:/home/g2d2/Documentos/Rocketseat/Backend/Rentalx/.npmrc Completed in 0ms
10 timing config:load:project Completed in 3ms
11 timing config:load:file:/home/g2d2/.npmrc Completed in 0ms
12 timing config:load:user Completed in 0ms
13 timing config:load:file:/home/g2d2/.nvm/versions/node/v18.4.0/etc/npmrc Completed in 0ms
14 timing config:load:global Completed in 0ms
15 timing config:load:validate Completed in 0ms
16 timing config:load:credentials Completed in 1ms
17 timing config:load:setEnvs Completed in 0ms
18 timing config:load Completed in 7ms
19 timing npm:load:configload Completed in 7ms
20 timing npm:load:mkdirpcache Completed in 2ms
21 timing npm:load:mkdirplogs Completed in 0ms
22 verbose title npm run eslint
23 verbose argv "run" "eslint" "--cache" "--fix"
24 timing npm:load:setTitle Completed in 0ms
25 timing config:load:flatten Completed in 3ms
26 timing npm:load:display Completed in 4ms
27 verbose logfile logs-max:10 dir:/home/g2d2/Documentos/Rocketseat/Backend/Rentalx/--fix/_logs
28 verbose logfile /home/g2d2/Documentos/Rocketseat/Backend/Rentalx/--fix/_logs/2022-10-03T20_10_03_976Z-debug-0.log
29 timing npm:load:logFile Completed in 3ms
30 timing npm:load:timers Completed in 0ms
31 timing npm:load:configScope Completed in 0ms
32 timing npm:load Completed in 18ms
33 silly logfile done cleaning log files
34 timing command:run Completed in 52ms
35 verbose stack Error: Missing script: "eslint"
35 verbose stack
35 verbose stack Did you mean this?
35 verbose stack     npm run lint # run the "lint" package script
35 verbose stack
35 verbose stack To see a list of scripts, run:
35 verbose stack   npm run
35 verbose stack     at RunScript.run (/home/g2d2/.nvm/versions/node/v18.4.0/lib/node_modules/npm/lib/commands/run-script.js:97:13)
35 verbose stack     at async module.exports (/home/g2d2/.nvm/versions/node/v18.4.0/lib/node_modules/npm/lib/cli.js:78:5)
36 verbose cwd /home/g2d2/Documentos/Rocketseat/Backend/Rentalx
37 verbose Linux 5.15.0-48-generic
38 verbose node v18.4.0
39 verbose npm  v8.12.1
40 error Missing script: "eslint"
40 error
40 error Did you mean this?
40 error     npm run lint # run the "lint" package script
40 error
40 error To see a list of scripts, run:
40 error   npm run
41 verbose exit 1
42 timing npm Completed in 79ms
43 verbose code 1
44 error A complete log of this run can be found in:
44 error     /home/g2d2/Documentos/Rocketseat/Backend/Rentalx/--fix/_logs/2022-10-03T20_10_03_976Z-debug-0.log
